------Start of DE processing------ = [1/3/19 18:12:52:347 UTC]
Exception = java.lang.IllegalArgumentException
Source = com.ibm.ws.kernel.feature.internal.FeatureManager
probeid = reportErrors
Stack Dump = java.lang.IllegalArgumentException: Unable to load conflicting versions of features "com.ibm.websphere.appserver.javax.cdi-2.0" and "com.ibm.websphere.appserver.javax.cdi-1.2".  The feature dependency chains that led to the conflict are: com.ibm.websphere.appserver.jsonb-1.0 -> com.ibm.websphere.appserver.jsonbInternal-1.0 -> com.ibm.websphere.appserver.jsonbImpl-1.0.1 -> com.ibm.websphere.appserver.javax.cdi-2.0 and com.ibm.websphere.appserver.mpJwt-1.1 -> com.ibm.websphere.appserver.cdi-1.2 -> com.ibm.websphere.appserver.javax.cdi-1.2
	at com.ibm.ws.kernel.feature.internal.FeatureManager.reportErrors(FeatureManager.java:1560)
	at com.ibm.ws.kernel.feature.internal.FeatureManager.updateFeatures(FeatureManager.java:1139)
	at com.ibm.ws.kernel.feature.internal.FeatureManager.update(FeatureManager.java:696)
	at com.ibm.ws.kernel.feature.internal.FeatureManager.processFeatureChanges(FeatureManager.java:799)
	at com.ibm.ws.kernel.feature.internal.FeatureManager$1.run(FeatureManager.java:594)
	at com.ibm.ws.threading.internal.ExecutorServiceImpl$RunnableWrapper.run(ExecutorServiceImpl.java:232)
	at java.util.concurrent.ThreadPoolExecutor.runWorker(ThreadPoolExecutor.java:1160)
	at java.util.concurrent.ThreadPoolExecutor$Worker.run(ThreadPoolExecutor.java:635)
	at java.lang.Thread.run(Thread.java:812)

Dump of callerThis
null
Dump of objectArray[0]
Object type = java.lang.String
  String value = "com.ibm.websphere.appserver.javax.cdi"

Dump of objectArray[1]
Object type = java.lang.String
  String value = "[ROOT->com.ibm.websphere.appserver.jsonb-1.0->com.ibm.websphere.appserver.jsonbInternal-1.0->com.ibm.websphere.appserver.jsonbImpl-1.0.1->[com.ibm.websphere.appserver.javax.cdi-2.0] 2.0.0, ROOT->com.ibm.websphere.appserver.mpJwt-1.1->com.ibm.websphere.appserver.cdi-1.2->[com.ibm.websphere.appserver.javax.cdi-1.2] 1.2.0]"

