------Start of DE processing------ = [1/3/19 18:12:52:338 UTC]
Exception = java.lang.IllegalArgumentException
Source = com.ibm.ws.kernel.feature.internal.FeatureManager
probeid = reportErrors
Stack Dump = java.lang.IllegalArgumentException: Unable to load conflicting versions of features "com.ibm.websphere.appserver.javaeeCompatible-8.0" and "com.ibm.websphere.appserver.javaeeCompatible-6.0".  The feature dependency chains that led to the conflict are: com.ibm.websphere.appserver.jsonb-1.0 -> com.ibm.websphere.appserver.jsonbInternal-1.0 -> com.ibm.websphere.appserver.jsonbImpl-1.0.1 -> com.ibm.websphere.appserver.jsonp-1.1 -> com.ibm.websphere.appserver.jsonpInternal-1.1 -> com.ibm.websphere.appserver.jsonpImpl-1.1.1 -> com.ibm.websphere.appserver.javaeeCompatible-8.0 and com.ibm.websphere.appserver.jwtSso-1.0 -> com.ibm.websphere.appserver.servlet-3.1 -> com.ibm.websphere.appserver.javaeeCompatible-6.0
	at com.ibm.ws.kernel.feature.internal.FeatureManager.reportErrors(FeatureManager.java:1560)
	at com.ibm.ws.kernel.feature.internal.FeatureManager.updateFeatures(FeatureManager.java:1139)
	at com.ibm.ws.kernel.feature.internal.FeatureManager.update(FeatureManager.java:696)
	at com.ibm.ws.kernel.feature.internal.FeatureManager.processFeatureChanges(FeatureManager.java:799)
	at com.ibm.ws.kernel.feature.internal.FeatureManager$1.run(FeatureManager.java:594)
	at com.ibm.ws.threading.internal.ExecutorServiceImpl$RunnableWrapper.run(ExecutorServiceImpl.java:232)
	at java.util.concurrent.ThreadPoolExecutor.runWorker(ThreadPoolExecutor.java:1160)
	at java.util.concurrent.ThreadPoolExecutor$Worker.run(ThreadPoolExecutor.java:635)
	at java.lang.Thread.run(Thread.java:812)

Dump of callerThis
null
Dump of objectArray[0]
Object type = java.lang.String
  String value = "com.ibm.websphere.appserver.javaeeCompatible"

Dump of objectArray[1]
Object type = java.lang.String
  String value = "[ROOT->com.ibm.websphere.appserver.jsonb-1.0->com.ibm.websphere.appserver.jsonbInternal-1.0->com.ibm.websphere.appserver.jsonbImpl-1.0.1->com.ibm.websphere.appserver.jsonp-1.1->com.ibm.websphere.appserver.jsonpInternal-1.1->com.ibm.websphere.appserver.jsonpImpl-1.1.1->[com.ibm.websphere.appserver.javaeeCompatible-8.0] 8.0.0, ROOT->com.ibm.websphere.appserver.jwtSso-1.0->com.ibm.websphere.appserver.servlet-3.1->[com.ibm.websphere.appserver.javaeeCompatible-6.0, com.ibm.websphere.appserver.javaeeCompatible-7.0] 6.0.0]"

